<?xml version="1.0" encoding="UTF-8"?>
<testsuite xmlns:xsi="http://www.w3.org/2001/XMLSchema-instance" xsi:noNamespaceSchemaLocation="https://maven.apache.org/surefire/maven-surefire-plugin/xsd/surefire-test-report.xsd" version="3.0.2" name="body.movieSystem.MovieSystemApplicationTests" time="8.86" tests="1" errors="0" skipped="0" failures="0">
  <properties>
[...]
</properties>
  <testcase name="contextLoads" classname="body.movieSystem.MovieSystemApplicationTests" time="0.715">
    <system-out><![CDATA[13:45:00.063 [main] INFO org.springframework.test.context.support.AnnotationConfigContextLoaderUtils -- Could not detect default configuration classes for test class [body.movieSystem.MovieSystemApplicationTests]: MovieSystemApplicationTests does not declare any static, non-private, non-final, nested classes annotated with @Configuration.
13:45:00.226 [main] INFO org.springframework.boot.test.context.SpringBootTestContextBootstrapper -- Found @SpringBootConfiguration body.movieSystem.MovieSystemApplication for test class body.movieSystem.MovieSystemApplicationTests

  .   ____          _            __ _ _
 /\\ / ___'_ __ _ _(_)_ __  __ _ \ \ \ \
( ( )\___ | '_ | '_| | '_ \/ _` | \ \ \ \
 \\/  ___)| |_)| | | | | || (_| |  ) ) ) )
  '  |____| .__|_| |_|_| |_\__, | / / / /
 =========|_|==============|___/=/_/_/_/

 :: Spring Boot ::                (v3.4.0)

2024-12-16T13:45:00.825+03:00  INFO 3060 --- [movieSystem] [           main] b.m.MovieSystemApplicationTests          : Starting MovieSystemApplicationTests using Java 21.0.1 with PID 3060 (started by ernur in C:\Users\ernur\Desktop\project\imdb-db\movie\movieSystem)
2024-12-16T13:45:00.828+03:00  INFO 3060 --- [movieSystem] [           main] b.m.MovieSystemApplicationTests          : No active profile set, falling back to 1 default profile: "default"
2024-12-16T13:45:02.251+03:00  INFO 3060 --- [movieSystem] [           main] .s.d.r.c.RepositoryConfigurationDelegate : Bootstrapping Spring Data JPA repositories in DEFAULT mode.
2024-12-16T13:45:02.390+03:00  INFO 3060 --- [movieSystem] [           main] .s.d.r.c.RepositoryConfigurationDelegate : Finished Spring Data repository scanning in 123 ms. Found 8 JPA repository interfaces.
2024-12-16T13:45:03.236+03:00  INFO 3060 --- [movieSystem] [           main] o.hibernate.jpa.internal.util.LogHelper  : HHH000204: Processing PersistenceUnitInfo [name: default]
2024-12-16T13:45:03.343+03:00  INFO 3060 --- [movieSystem] [           main] org.hibernate.Version                    : HHH000412: Hibernate ORM core version 6.6.2.Final
2024-12-16T13:45:03.398+03:00  INFO 3060 --- [movieSystem] [           main] o.h.c.internal.RegionFactoryInitiator    : HHH000026: Second-level cache disabled
2024-12-16T13:45:03.989+03:00  INFO 3060 --- [movieSystem] [           main] o.s.o.j.p.SpringPersistenceUnitInfo      : No LoadTimeWeaver setup: ignoring JPA class transformer
2024-12-16T13:45:04.040+03:00  INFO 3060 --- [movieSystem] [           main] com.zaxxer.hikari.HikariDataSource       : HikariPool-1 - Starting...
2024-12-16T13:45:04.329+03:00  INFO 3060 --- [movieSystem] [           main] com.zaxxer.hikari.pool.HikariPool        : HikariPool-1 - Added connection org.postgresql.jdbc.PgConnection@1de73d37
2024-12-16T13:45:04.331+03:00  INFO 3060 --- [movieSystem] [           main] com.zaxxer.hikari.HikariDataSource       : HikariPool-1 - Start completed.
2024-12-16T13:45:04.412+03:00  INFO 3060 --- [movieSystem] [           main] org.hibernate.orm.connections.pooling    : HHH10001005: Database info:
	Database JDBC URL [Connecting through datasource 'HikariDataSource (HikariPool-1)']
	Database driver: undefined/unknown
	Database version: 16.2
	Autocommit mode: undefined/unknown
	Isolation level: undefined/unknown
	Minimum pool size: undefined/unknown
	Maximum pool size: undefined/unknown
2024-12-16T13:45:05.827+03:00  INFO 3060 --- [movieSystem] [           main] o.h.e.t.j.p.i.JtaPlatformInitiator       : HHH000489: No JTA platform available (set 'hibernate.transaction.jta.platform' to enable JTA platform integration)
Hibernate: 
    set client_min_messages = WARNING
Hibernate: 
    alter table if exists crews 
       drop constraint if exists FK3alowjpuaenemo5hs643sp2rm
Hibernate: 
    alter table if exists crews 
       drop constraint if exists FKe69bsvk6yecbt4ecb99crpmlx
Hibernate: 
    alter table if exists production_categories 
       drop constraint if exists FKo5cckeoo28lx8g4w4751tptg9
Hibernate: 
    alter table if exists production_categories 
       drop constraint if exists FK8xb3ginm4svjhth94f9t0vgcr
Hibernate: 
    alter table if exists ratings 
       drop constraint if exists FKb3354ee2xxvdrbyq9f42jdayd
Hibernate: 
    alter table if exists ratings 
       drop constraint if exists FKrjqdm5nwc3k0yoppbo65istcq
Hibernate: 
    alter table if exists revenues 
       drop constraint if exists FKre4f5xt0suciv2uwwu1xgfc1r
Hibernate: 
    drop table if exists categories cascade
Hibernate: 
    drop table if exists crews cascade
Hibernate: 
    drop table if exists persons cascade
Hibernate: 
    drop table if exists production_categories cascade
Hibernate: 
    drop table if exists productions cascade
Hibernate: 
    drop table if exists ratings cascade
Hibernate: 
    drop table if exists revenues cascade
Hibernate: 
    drop table if exists users cascade
Hibernate: 
    create table categories (
        id bigint generated by default as identity,
        name varchar(255),
        primary key (id)
    )
Hibernate: 
    create table crews (
        id bigint generated by default as identity,
        person_id bigint,
        production_id bigint,
        role varchar(255),
        primary key (id)
    )
Hibernate: 
    create table persons (
        birth_date date,
        id bigint generated by default as identity,
        birth_country varchar(255),
        person_name varchar(255),
        person_surname varchar(255),
        primary key (id)
    )
Hibernate: 
    create table production_categories (
        category_id bigint,
        id bigint generated by default as identity,
        production_id bigint,
        primary key (id)
    )
Hibernate: 
    create table productions (
        release_date TIMESTAMP,
        runtime integer not null,
        id bigint generated by default as identity,
        original_title varchar(255),
        production_country varchar(255),
        production_name varchar(255),
        primary key (id)
    )
Hibernate: 
    create table ratings (
        user_rating float(53),
        user_rating_date TIMESTAMP,
        id bigint generated by default as identity,
        production_id bigint not null,
        user_id bigint not null,
        user_comment varchar(255),
        primary key (id)
    )
Hibernate: 
    create table revenues (
        revenue_amount float(53),
        id bigint generated by default as identity,
        production_id bigint,
        revenue_source varchar(255),
        primary key (id)
    )
Hibernate: 
    create table users (
        created_time TIMESTAMP not null,
        id bigint generated by default as identity,
        email varchar(255) not null unique,
        password varchar(255) not null,
        user_name varchar(255) not null unique,
        primary key (id)
    )
Hibernate: 
    alter table if exists crews 
       add constraint FK3alowjpuaenemo5hs643sp2rm 
       foreign key (person_id) 
       references persons
Hibernate: 
    alter table if exists crews 
       add constraint FKe69bsvk6yecbt4ecb99crpmlx 
       foreign key (production_id) 
       references productions
Hibernate: 
    alter table if exists production_categories 
       add constraint FKo5cckeoo28lx8g4w4751tptg9 
       foreign key (category_id) 
       references categories
Hibernate: 
    alter table if exists production_categories 
       add constraint FK8xb3ginm4svjhth94f9t0vgcr 
       foreign key (production_id) 
       references productions
Hibernate: 
    alter table if exists ratings 
       add constraint FKb3354ee2xxvdrbyq9f42jdayd 
       foreign key (user_id) 
       references users
Hibernate: 
    alter table if exists ratings 
       add constraint FKrjqdm5nwc3k0yoppbo65istcq 
       foreign key (production_id) 
       references productions
Hibernate: 
    alter table if exists revenues 
       add constraint FKre4f5xt0suciv2uwwu1xgfc1r 
       foreign key (production_id) 
       references productions
2024-12-16T13:45:06.039+03:00  INFO 3060 --- [movieSystem] [           main] j.LocalContainerEntityManagerFactoryBean : Initialized JPA EntityManagerFactory for persistence unit 'default'
2024-12-16T13:45:07.020+03:00  WARN 3060 --- [movieSystem] [           main] JpaBaseConfiguration$JpaWebConfiguration : spring.jpa.open-in-view is enabled by default. Therefore, database queries may be performed during view rendering. Explicitly configure spring.jpa.open-in-view to disable this warning
2024-12-16T13:45:07.942+03:00  INFO 3060 --- [movieSystem] [           main] b.m.MovieSystemApplicationTests          : Started MovieSystemApplicationTests in 7.504 seconds (process running for 8.905)
]]></system-out>
    <system-err><![CDATA[Mockito is currently self-attaching to enable the inline-mock-maker. This will no longer work in future releases of the JDK. Please add Mockito as an agent to your build what is described in Mockito's documentation: https://javadoc.io/doc/org.mockito/mockito-core/latest/org/mockito/Mockito.html#0.3
WARNING: A Java agent has been loaded dynamically (C:\Users\ernur\.m2\repository\net\bytebuddy\byte-buddy-agent\1.15.10\byte-buddy-agent-1.15.10.jar)
WARNING: If a serviceability tool is in use, please run with -XX:+EnableDynamicAgentLoading to hide this warning
WARNING: If a serviceability tool is not in use, please run with -Djdk.instrument.traceUsage for more information
WARNING: Dynamic loading of agents will be disallowed by default in a future release
]]></system-err>
  </testcase>
</testsuite>